<?xml version="1.0" encoding="UTF-8"?>
<testng-results ignored="0" total="1" passed="1" failed="0" skipped="0">
  <reporter-output>
  </reporter-output>
  <suite started-at="2021-05-03T19:58:29 EDT" name="Functional-suite" finished-at="2021-05-03T19:58:41 EDT" duration-ms="12696">
    <groups>
    </groups>
    <test started-at="2021-05-03T19:58:29 EDT" name="Smoke testing" finished-at="2021-05-03T19:58:41 EDT" duration-ms="12696">
      <class name="homedepot.Test1">
        <test-method is-config="true" signature="beforeMethod(java.lang.String)[pri:0, instance:homedepot.Test1@50caa560]" started-at="2021-05-03T19:58:29 EDT" name="beforeMethod" finished-at="2021-05-03T19:58:36 EDT" duration-ms="7847" status="PASS">
          <params>
            <param index="0">
              <value>
                <![CDATA[Chrome]]>
              </value>
            </param>
          </params>
          <reporter-output>
          </reporter-output>
        </test-method> <!-- beforeMethod -->
        <test-method signature="RegTest(java.lang.String, java.lang.String, java.lang.String, java.lang.String)[pri:0, instance:homedepot.Test1@50caa560]" started-at="2021-05-03T19:58:36 EDT" name="RegTest" finished-at="2021-05-03T19:58:40 EDT" duration-ms="3981" status="PASS">
          <params>
            <param index="0">
              <value>
                <![CDATA[robfanio81@gmail.com]]>
              </value>
            </param>
            <param index="1">
              <value>
                <![CDATA[Softwaretester]]>
              </value>
            </param>
            <param index="2">
              <value>
                <![CDATA[08401]]>
              </value>
            </param>
            <param index="3">
              <value>
                <![CDATA[6097052255]]>
              </value>
            </param>
          </params>
          <reporter-output>
          </reporter-output>
        </test-method> <!-- RegTest -->
        <test-method is-config="true" signature="afterMethod()[pri:0, instance:homedepot.Test1@50caa560]" started-at="2021-05-03T19:58:40 EDT" name="afterMethod" finished-at="2021-05-03T19:58:41 EDT" duration-ms="822" status="PASS">
          <reporter-output>
          </reporter-output>
        </test-method> <!-- afterMethod -->
      </class> <!-- homedepot.Test1 -->
    </test> <!-- Smoke testing -->
  </suite> <!-- Functional-suite -->
</testng-results>
